build/outputs/logs/manifest-merger-debug-report.txt
-- Merging decision tree log ---
manifest
ADDED from AndroidStudioProject\GrabMoney\AndroidManifest.xml:2:1-129:12
	package
		ADDED from AndroidStudioProject\GrabMoney\AndroidManifest.xml:4:11-38
	android:versionName
		ADDED from AndroidStudioProject\GrabMoney\AndroidManifest.xml:6:11-40
		INJECTED from AndroidStudioProject\GrabMoney\AndroidManifest.xml
		INJECTED from AndroidStudioProject\GrabMoney\AndroidManifest.xml
	xmlns:tools
		ADDED from AndroidStudioProject\GrabMoney\AndroidManifest.xml:3:11-57
	android:versionCode
		ADDED from AndroidStudioProject\GrabMoney\AndroidManifest.xml:5:11-35
		INJECTED from AndroidStudioProject\GrabMoney\AndroidManifest.xml
		INJECTED from AndroidStudioProject\GrabMoney\AndroidManifest.xml
	xmlns:android
		ADDED from AndroidStudioProject\GrabMoney\AndroidManifest.xml:2:11-69
uses-sdk
ADDED from AndroidStudioProject\GrabMoney\AndroidManifest.xml:8:5-10:40
MERGED from [com.google.android.gms:play-services-ads:10.0.1] AndroidManifest.xml:17:5-42
MERGED from [com.google.android.gms:play-services-ads-lite:10.0.1] AndroidManifest.xml:22:5-42
MERGED from [com.google.android.gms:play-services-clearcut:10.0.1] AndroidManifest.xml:17:5-42
MERGED from [com.google.android.gms:play-services-base:10.0.1] AndroidManifest.xml:17:5-42
MERGED from [com.google.android.gms:play-services-tasks:10.0.1] AndroidManifest.xml:3:5-42
MERGED from [com.google.android.gms:play-services-gass:10.0.1] AndroidManifest.xml:3:5-42
MERGED from [com.google.android.gms:play-services-basement:10.0.1] AndroidManifest.xml:17:5-42
MERGED from [com.android.support:support-v4:25.1.0] AndroidManifest.xml:21:5-23:54
MERGED from [com.android.support:support-fragment:25.1.0] AndroidManifest.xml:21:5-23:60
MERGED from [com.android.support:support-media-compat:25.1.0] AndroidManifest.xml:21:5-23:63
MERGED from [com.android.support:support-core-ui:25.1.0] AndroidManifest.xml:21:5-23:58
MERGED from [com.android.support:support-core-utils:25.1.0] AndroidManifest.xml:21:5-23:61
MERGED from [com.android.support:support-compat:25.1.0] AndroidManifest.xml:21:5-23:58
	tools:overrideLibrary
		ADDED from [com.android.support:support-v4:25.1.0] AndroidManifest.xml:23:9-51
	android:targetSdkVersion
		ADDED from AndroidStudioProject\GrabMoney\AndroidManifest.xml:10:9-38
	android:minSdkVersion
		ADDED from AndroidStudioProject\GrabMoney\AndroidManifest.xml:9:9-35
		INJECTED from AndroidStudioProject\GrabMoney\AndroidManifest.xml
		INJECTED from AndroidStudioProject\GrabMoney\AndroidManifest.xml
uses-permission#android.permission.INTERNET
ADDED from AndroidStudioProject\GrabMoney\AndroidManifest.xml:12:5-66
MERGED from [com.google.android.gms:play-services-ads-lite:10.0.1] AndroidManifest.xml:19:5-66
	android:name
		ADDED from AndroidStudioProject\GrabMoney\AndroidManifest.xml:12:22-64
uses-permission#android.permission.VIBRATE
ADDED from AndroidStudioProject\GrabMoney\AndroidManifest.xml:13:5-65
	android:name
		ADDED from AndroidStudioProject\GrabMoney\AndroidManifest.xml:13:22-63
uses-permission#android.permission.WAKE_LOCK
ADDED from AndroidStudioProject\GrabMoney\AndroidManifest.xml:14:5-67
	android:name
		ADDED from AndroidStudioProject\GrabMoney\AndroidManifest.xml:14:22-65
uses-permission#android.permission.DISABLE_KEYGUARD
ADDED from AndroidStudioProject\GrabMoney\AndroidManifest.xml:15:5-74
	android:name
		ADDED from AndroidStudioProject\GrabMoney\AndroidManifest.xml:15:22-72
uses-permission#android.permission.READ_EXTERNAL_STORAGE
ADDED from AndroidStudioProject\GrabMoney\AndroidManifest.xml:16:5-79
	android:name
		ADDED from AndroidStudioProject\GrabMoney\AndroidManifest.xml:16:22-77
uses-permission#android.permission.READ_PHONE_STATE
ADDED from AndroidStudioProject\GrabMoney\AndroidManifest.xml:19:5-74
	android:name
		ADDED from AndroidStudioProject\GrabMoney\AndroidManifest.xml:19:22-72
uses-permission#android.permission.ACCESS_NETWORK_STATE
ADDED from AndroidStudioProject\GrabMoney\AndroidManifest.xml:20:5-78
MERGED from [com.google.android.gms:play-services-ads-lite:10.0.1] AndroidManifest.xml:20:5-78
	android:name
		ADDED from AndroidStudioProject\GrabMoney\AndroidManifest.xml:20:22-76
uses-permission#android.permission.ACCESS_WIFI_STATE
ADDED from AndroidStudioProject\GrabMoney\AndroidManifest.xml:21:5-75
	android:name
		ADDED from AndroidStudioProject\GrabMoney\AndroidManifest.xml:21:22-73
uses-permission#android.permission.WRITE_EXTERNAL_STORAGE
ADDED from AndroidStudioProject\GrabMoney\AndroidManifest.xml:22:5-80
	android:name
		ADDED from AndroidStudioProject\GrabMoney\AndroidManifest.xml:22:22-78
uses-permission#android.permission.SYSTEM_ALERT_WINDOW
ADDED from AndroidStudioProject\GrabMoney\AndroidManifest.xml:23:5-77
	android:name
		ADDED from AndroidStudioProject\GrabMoney\AndroidManifest.xml:23:22-75
uses-permission#android.permission.GET_TASKS
ADDED from AndroidStudioProject\GrabMoney\AndroidManifest.xml:24:5-67
	android:name
		ADDED from AndroidStudioProject\GrabMoney\AndroidManifest.xml:24:22-65
uses-permission#android.permission.PACKAGE_USAGE_STATS
ADDED from AndroidStudioProject\GrabMoney\AndroidManifest.xml:26:5-28:46
	tools:ignore
		ADDED from AndroidStudioProject\GrabMoney\AndroidManifest.xml:28:9-44
	android:name
		ADDED from AndroidStudioProject\GrabMoney\AndroidManifest.xml:27:9-62
uses-permission#com.android.launcher.permission.INSTALL_SHORTCUT
ADDED from AndroidStudioProject\GrabMoney\AndroidManifest.xml:31:5-87
	android:name
		ADDED from AndroidStudioProject\GrabMoney\AndroidManifest.xml:31:22-85
application
ADDED from AndroidStudioProject\GrabMoney\AndroidManifest.xml:33:5-127:19
MERGED from [com.google.android.gms:play-services-ads-lite:10.0.1] AndroidManifest.xml:23:5-27:19
MERGED from [com.google.android.gms:play-services-clearcut:10.0.1] AndroidManifest.xml:18:5-19
MERGED from [com.google.android.gms:play-services-base:10.0.1] AndroidManifest.xml:18:5-20:19
MERGED from [com.google.android.gms:play-services-tasks:10.0.1] AndroidManifest.xml:4:5-19
MERGED from [com.google.android.gms:play-services-gass:10.0.1] AndroidManifest.xml:4:5-19
MERGED from [com.google.android.gms:play-services-basement:10.0.1] AndroidManifest.xml:19:5-21:19
MERGED from [com.android.support:support-v4:25.1.0] AndroidManifest.xml:25:5-20
MERGED from [com.android.support:support-fragment:25.1.0] AndroidManifest.xml:25:5-20
MERGED from [com.android.support:support-media-compat:25.1.0] AndroidManifest.xml:25:5-20
MERGED from [com.android.support:support-core-ui:25.1.0] AndroidManifest.xml:25:5-20
MERGED from [com.android.support:support-core-utils:25.1.0] AndroidManifest.xml:25:5-20
MERGED from [com.android.support:support-compat:25.1.0] AndroidManifest.xml:25:5-20
	android:label
		ADDED from AndroidStudioProject\GrabMoney\AndroidManifest.xml:36:9-41
	android:allowBackup
		ADDED from AndroidStudioProject\GrabMoney\AndroidManifest.xml:34:9-35
	android:icon
		ADDED from AndroidStudioProject\GrabMoney\AndroidManifest.xml:35:9-45
	android:theme
		ADDED from AndroidStudioProject\GrabMoney\AndroidManifest.xml:37:9-40
activity#com.wei.grabmoney.ui.MainActivity
ADDED from AndroidStudioProject\GrabMoney\AndroidManifest.xml:38:9-49:20
	android:screenOrientation
		ADDED from AndroidStudioProject\GrabMoney\AndroidManifest.xml:42:13-49
	android:label
		ADDED from AndroidStudioProject\GrabMoney\AndroidManifest.xml:41:13-45
	android:windowSoftInputMode
		ADDED from AndroidStudioProject\GrabMoney\AndroidManifest.xml:43:13-67
	android:configChanges
		ADDED from AndroidStudioProject\GrabMoney\AndroidManifest.xml:40:13-83
	android:name
		ADDED from AndroidStudioProject\GrabMoney\AndroidManifest.xml:39:13-44
intent-filter#android.intent.action.MAIN+android.intent.category.LAUNCHER
ADDED from AndroidStudioProject\GrabMoney\AndroidManifest.xml:44:13-48:29
action#android.intent.action.MAIN
ADDED from AndroidStudioProject\GrabMoney\AndroidManifest.xml:45:17-68
	android:name
		ADDED from AndroidStudioProject\GrabMoney\AndroidManifest.xml:45:25-66
category#android.intent.category.LAUNCHER
ADDED from AndroidStudioProject\GrabMoney\AndroidManifest.xml:47:17-76
	android:name
		ADDED from AndroidStudioProject\GrabMoney\AndroidManifest.xml:47:27-74
service#com.wei.grabmoney.service.GrabMoneyService
ADDED from AndroidStudioProject\GrabMoney\AndroidManifest.xml:51:9-61:19
	android:permission
		ADDED from AndroidStudioProject\GrabMoney\AndroidManifest.xml:53:13-79
	android:name
		ADDED from AndroidStudioProject\GrabMoney\AndroidManifest.xml:52:13-53
intent-filter#android.accessibilityservice.AccessibilityService
ADDED from AndroidStudioProject\GrabMoney\AndroidManifest.xml:54:13-56:29
action#android.accessibilityservice.AccessibilityService
ADDED from AndroidStudioProject\GrabMoney\AndroidManifest.xml:55:17-91
	android:name
		ADDED from AndroidStudioProject\GrabMoney\AndroidManifest.xml:55:25-89
meta-data#android.accessibilityservice
ADDED from AndroidStudioProject\GrabMoney\AndroidManifest.xml:58:13-60:68
	android:resource
		ADDED from AndroidStudioProject\GrabMoney\AndroidManifest.xml:60:17-66
	android:name
		ADDED from AndroidStudioProject\GrabMoney\AndroidManifest.xml:59:17-60
activity#com.wei.grabmoney.ui.BaseActivity
ADDED from AndroidStudioProject\GrabMoney\AndroidManifest.xml:63:9-68:20
	android:screenOrientation
		ADDED from AndroidStudioProject\GrabMoney\AndroidManifest.xml:66:13-49
	android:windowSoftInputMode
		ADDED from AndroidStudioProject\GrabMoney\AndroidManifest.xml:67:13-67
	android:configChanges
		ADDED from AndroidStudioProject\GrabMoney\AndroidManifest.xml:65:13-83
	android:name
		ADDED from AndroidStudioProject\GrabMoney\AndroidManifest.xml:64:13-44
activity#com.wei.grabmoney.ui.AboutActivity
ADDED from AndroidStudioProject\GrabMoney\AndroidManifest.xml:69:9-73:20
	android:screenOrientation
		ADDED from AndroidStudioProject\GrabMoney\AndroidManifest.xml:72:13-49
	android:configChanges
		ADDED from AndroidStudioProject\GrabMoney\AndroidManifest.xml:71:13-83
	android:name
		ADDED from AndroidStudioProject\GrabMoney\AndroidManifest.xml:70:13-45
activity#com.wei.grabmoney.ui.InstructionsActivity
ADDED from AndroidStudioProject\GrabMoney\AndroidManifest.xml:74:9-78:20
	android:screenOrientation
		ADDED from AndroidStudioProject\GrabMoney\AndroidManifest.xml:77:13-49
	android:configChanges
		ADDED from AndroidStudioProject\GrabMoney\AndroidManifest.xml:76:13-83
	android:name
		ADDED from AndroidStudioProject\GrabMoney\AndroidManifest.xml:75:13-52
activity#com.wei.grabmoney.ui.SettingActivity
ADDED from AndroidStudioProject\GrabMoney\AndroidManifest.xml:79:9-83:20
	android:screenOrientation
		ADDED from AndroidStudioProject\GrabMoney\AndroidManifest.xml:82:13-49
	android:configChanges
		ADDED from AndroidStudioProject\GrabMoney\AndroidManifest.xml:81:13-83
	android:name
		ADDED from AndroidStudioProject\GrabMoney\AndroidManifest.xml:80:13-47
activity#com.wei.grabmoney.ui.RewardActivity
ADDED from AndroidStudioProject\GrabMoney\AndroidManifest.xml:84:9-87:20
	android:screenOrientation
		ADDED from AndroidStudioProject\GrabMoney\AndroidManifest.xml:86:13-49
	android:name
		ADDED from AndroidStudioProject\GrabMoney\AndroidManifest.xml:85:13-46
activity#com.wei.grabmoney.ui.BeCareActivity
ADDED from AndroidStudioProject\GrabMoney\AndroidManifest.xml:88:9-91:20
	android:screenOrientation
		ADDED from AndroidStudioProject\GrabMoney\AndroidManifest.xml:90:13-49
	android:name
		ADDED from AndroidStudioProject\GrabMoney\AndroidManifest.xml:89:13-46
activity#net.youmi.android.AdBrowser
ADDED from AndroidStudioProject\GrabMoney\AndroidManifest.xml:94:9-98:20
	android:configChanges
		ADDED from AndroidStudioProject\GrabMoney\AndroidManifest.xml:96:13-83
	android:theme
		ADDED from AndroidStudioProject\GrabMoney\AndroidManifest.xml:97:13-66
	android:name
		ADDED from AndroidStudioProject\GrabMoney\AndroidManifest.xml:95:13-55
service#net.youmi.android.AdService
ADDED from AndroidStudioProject\GrabMoney\AndroidManifest.xml:100:9-103:19
	android:exported
		ADDED from AndroidStudioProject\GrabMoney\AndroidManifest.xml:102:13-37
	android:name
		ADDED from AndroidStudioProject\GrabMoney\AndroidManifest.xml:101:13-55
service#net.youmi.android.ExpService
ADDED from AndroidStudioProject\GrabMoney\AndroidManifest.xml:104:9-107:19
	android:exported
		ADDED from AndroidStudioProject\GrabMoney\AndroidManifest.xml:106:13-37
	android:name
		ADDED from AndroidStudioProject\GrabMoney\AndroidManifest.xml:105:13-56
receiver#net.youmi.android.AdReceiver
ADDED from AndroidStudioProject\GrabMoney\AndroidManifest.xml:109:9-115:20
	android:name
		ADDED from AndroidStudioProject\GrabMoney\AndroidManifest.xml:109:19-62
intent-filter#android.intent.action.PACKAGE_ADDED
ADDED from AndroidStudioProject\GrabMoney\AndroidManifest.xml:110:13-114:29
action#android.intent.action.PACKAGE_ADDED
ADDED from AndroidStudioProject\GrabMoney\AndroidManifest.xml:111:17-77
	android:name
		ADDED from AndroidStudioProject\GrabMoney\AndroidManifest.xml:111:25-75
data
ADDED from AndroidStudioProject\GrabMoney\AndroidManifest.xml:113:17-49
	android:scheme
		ADDED from AndroidStudioProject\GrabMoney\AndroidManifest.xml:113:23-47
meta-data#com.google.android.gms.version
ADDED from AndroidStudioProject\GrabMoney\AndroidManifest.xml:118:9-120:68
MERGED from [com.google.android.gms:play-services-basement:10.0.1] AndroidManifest.xml:20:9-121
	android:value
		ADDED from AndroidStudioProject\GrabMoney\AndroidManifest.xml:120:13-66
	android:name
		ADDED from AndroidStudioProject\GrabMoney\AndroidManifest.xml:119:13-58
activity#com.google.android.gms.ads.AdActivity
ADDED from AndroidStudioProject\GrabMoney\AndroidManifest.xml:123:9-126:63
MERGED from [com.google.android.gms:play-services-ads-lite:10.0.1] AndroidManifest.xml:25:9-232
	android:configChanges
		ADDED from AndroidStudioProject\GrabMoney\AndroidManifest.xml:125:13-122
	android:theme
		ADDED from AndroidStudioProject\GrabMoney\AndroidManifest.xml:126:13-61
	android:name
		ADDED from AndroidStudioProject\GrabMoney\AndroidManifest.xml:124:13-65
activity#com.google.android.gms.ads.purchase.InAppPurchaseActivity
ADDED from [com.google.android.gms:play-services-ads-lite:10.0.1] AndroidManifest.xml:26:9-131
	android:theme
		ADDED from [com.google.android.gms:play-services-ads-lite:10.0.1] AndroidManifest.xml:26:92-129
	android:name
		ADDED from [com.google.android.gms:play-services-ads-lite:10.0.1] AndroidManifest.xml:26:19-91
activity#com.google.android.gms.common.api.GoogleApiActivity
ADDED from [com.google.android.gms:play-services-base:10.0.1] AndroidManifest.xml:19:9-172
	android:exported
		ADDED from [com.google.android.gms:play-services-base:10.0.1] AndroidManifest.xml:19:146-170
	android:theme
		ADDED from [com.google.android.gms:play-services-base:10.0.1] AndroidManifest.xml:19:86-145
	android:name
		ADDED from [com.google.android.gms:play-services-base:10.0.1] AndroidManifest.xml:19:19-85